<?xml version="1.0" encoding="UTF-8"?>
<!-- Generated by org.testng.reporters.JUnitReportReporter -->
<testsuite hostname="Viveks-Laptop.local" failures="0" tests="1" name="introduction.WaystoPost" time="1.440" errors="0" timestamp="2024-09-24T01:04:22 IST" skipped="0">
  <testcase classname="introduction.WaystoPost" name="testPostusingExternalJSONFile" time="1.440"/>
  <system-out/>
</testsuite> <!-- introduction.WaystoPost -->
