<?xml version="1.0" encoding="UTF-8"?>
<!-- Generated by org.testng.reporters.JUnitReportReporter -->
<testsuite hostname="Viveks-Laptop.local" failures="0" tests="6" name="introduction.HTTPrequests" time="3.285" errors="0" timestamp="2024-09-22T02:41:05 IST" skipped="0">
  <testcase classname="introduction.HTTPrequests" name="getUserfromDummyWebsite" time="0.630"/>
  <system-out/>
  <testcase classname="introduction.HTTPrequests" name="getUserfromDummyWebsitewithoutresponsevariable" time="0.302"/>
  <system-out/>
  <testcase classname="introduction.HTTPrequests" name="podtUserfromDummyWebsitewithHashMap" time="0.706"/>
  <system-out/>
  <testcase classname="introduction.HTTPrequests" name="postUserfromDummyWebsitewithHashMapwithresponsevariable" time="0.649"/>
  <system-out/>
  <testcase classname="introduction.HTTPrequests" name="updateUserfromDummyWebsitewithHashMapwithresponsevariable" time="0.486"/>
  <system-out/>
  <testcase classname="introduction.HTTPrequests" name="deleteUserfromDummyWebsitewithHashMapwithresponsevariable" time="0.512"/>
  <system-out/>
</testsuite> <!-- introduction.HTTPrequests -->
